#
# A fatal error has been detected by the Java Runtime Environment:
#
#  EXCEPTION_ACCESS_VIOLATION (0xc0000005) at pc=0x00007fff5e8be784, pid=14700, tid=10748
#
# JRE version:  (17.0.11+7) (build )
# Java VM: Java HotSpot(TM) 64-Bit Server VM (17.0.11+7-LTS-207, mixed mode, sharing, tiered, compressed oops, compressed class ptrs, g1 gc, windows-amd64)
# Problematic frame:
# V  [jvm.dll+0x23e784]
#
# No core dump will be written. Minidumps are not enabled by default on client versions of Windows
#
#

---------------  S U M M A R Y ------------

Command Line: -Dapplication.home=D:\PROG_INSTALADOS\java17 --add-modules=ALL-DEFAULT -Xms8m -Djdk.module.main=jdk.compiler jdk.compiler/com.sun.tools.javac.Main App.java

Host: Intel(R) Celeron(R) N4000 CPU @ 1.10GHz, 2 cores, 3G,  Windows 10 , 64 bit Build 19041 (10.0.19041.4842)
Time: Tue Sep 24 15:05:28 2024 Hora estándar, América Central elapsed time: 10.972643 seconds (0d 0h 0m 10s)

---------------  T H R E A D  ---------------

Current thread (0x00000208d0be3850):  JavaThread "Unknown thread" [_thread_in_vm, id=10748, stack(0x00000053bdc00000,0x00000053bdd00000)]

Stack: [0x00000053bdc00000,0x00000053bdd00000],  sp=0x00000053bdcff250,  free space=1020k
Native frames: (J=compiled Java code, j=interpreted, Vv=VM code, C=native code)
V  [jvm.dll+0x23e784]
V  [jvm.dll+0x371a5a]
V  [jvm.dll+0x7d8397]
V  [jvm.dll+0x7d849c]
V  [jvm.dll+0x7d80f1]
V  [jvm.dll+0x7aae72]
V  [jvm.dll+0x7ac5dd]
V  [jvm.dll+0x366f91]
V  [jvm.dll+0x78b609]
V  [jvm.dll+0x3ec22f]
V  [jvm.dll+0x3ede61]
C  [jli.dll+0x5297]
C  [ucrtbase.dll+0x21bb2]
C  [KERNEL32.DLL+0x17374]
C  [ntdll.dll+0x4cc91]


siginfo: EXCEPTION_ACCESS_VIOLATION (0xc0000005), reading address 0x0000020080000133


Registers:
RAX=0x0000020080000000, RBX=0x00000208805d1aa0, RCX=0x00000208805d1aa0, RDX=0x00000208d0be3850
RSP=0x00000053bdcff250, RBP=0x0000020880000d58, RSI=0x00000208d0be3850, RDI=0x00000208d0be3850
R8 =0x0000000000000000, R9 =0x0000000000000000, R10=0x0000000000000000, R11=0xedffffffffc000ff
R12=0x00000053bdcff3b8, R13=0x0000020880000d58, R14=0x0000000000000000, R15=0x00000208d0c46560
RIP=0x00007fff5e8be784, EFLAGS=0x0000000000010206


Top of Stack: (sp=0x00000053bdcff250)
0x00000053bdcff250:   0000020880000d58 00000053bdcff3b8
0x00000053bdcff260:   00000208d0c46560 00000208d0be3850
0x00000053bdcff270:   00000208805d1dd0 00007fff5e9f1a5a
0x00000053bdcff280:   00000000000003d8 0000000000000000
0x00000053bdcff290:   00000053bdcff3b8 0000000000000000
0x00000053bdcff2a0:   0000000000000000 00007fff5edddfde
0x00000053bdcff2b0:   0000000000000000 0000000000000000
0x00000053bdcff2c0:   0000000000000000 00007fff5ee58397
0x00000053bdcff2d0:   00000208805d1e38 0000000000000000
0x00000053bdcff2e0:   00000208d0be3850 00000208d0be3858
0x00000053bdcff2f0:   00000208d0be3850 00000208d0c32d70
0x00000053bdcff300:   00000208d0be3850 00007fff5e680000
0x00000053bdcff310:   00007fff5eff2100 00007fff5ee5849c
0x00000053bdcff320:   00000208d0be3858 00007fff5f1bff00
0x00000053bdcff330:   0000000000000001 0000000000000000
0x00000053bdcff340:   00000208d0be01d0 00000208d0adeec0 

Instructions: (pc=0x00007fff5e8be784)
0x00007fff5e8be684:   4c 63 c7 42 0f b6 44 00 04 3c 08 75 79 48 8b 16
0x00007fff5e8be694:   48 8b 4a 10 48 85 c9 74 04 48 8b 49 18 48 63 19
0x00007fff5e8be6a4:   48 8d 0c 59 48 83 c1 04 0f 1f 40 00 8b c3 48 8d
0x00007fff5e8be6b4:   49 fe ff cb 85 c0 7e 05 66 39 39 75 ef 48 89 54
0x00007fff5e8be6c4:   24 20 85 db 48 89 6c 24 28 48 8b 8d 48 02 00 00
0x00007fff5e8be6d4:   41 0f 48 de 48 89 54 24 50 48 8d 54 24 50 e8 f9
0x00007fff5e8be6e4:   c3 dc ff 4c 8b cd 48 8d 4c 24 20 44 8b c3 8b d7
0x00007fff5e8be6f4:   e8 07 04 00 00 48 8d 4c 24 20 e8 3d a6 10 00 48
0x00007fff5e8be704:   83 7d 08 00 75 0e 48 8b 06 ff c7 3b 78 3c 0f 8c
0x00007fff5e8be714:   68 ff ff ff 48 8b 5c 24 58 4c 8b 74 24 60 48 83
0x00007fff5e8be724:   c4 30 5f 5e 5d c3 cc cc cc cc cc cc 48 8b 41 10
0x00007fff5e8be734:   48 8b 48 10 48 85 c9 75 03 33 c0 c3 48 ff 25 d9
0x00007fff5e8be744:   a8 85 00 cc cc cc cc cc cc cc cc cc 48 8b 41 10
0x00007fff5e8be754:   48 85 c0 74 09 48 8b 48 10 48 85 c9 75 03 33 c0
0x00007fff5e8be764:   c3 48 ff 25 b4 a8 85 00 cc cc cc cc 48 89 5c 24
0x00007fff5e8be774:   20 57 48 83 ec 20 48 8b 41 18 48 8b fa 48 8b d9
0x00007fff5e8be784:   80 b8 33 01 00 00 02 73 0d f6 80 36 01 00 00 01
0x00007fff5e8be794:   0f 84 0c 01 00 00 48 8b 41 10 48 8b 48 10 48 85
0x00007fff5e8be7a4:   c9 74 0f ff 15 73 a8 85 00 48 85 c0 0f 85 f0 00
0x00007fff5e8be7b4:   00 00 48 8b 03 48 8b cb ff 50 20 84 c0 75 24 4c
0x00007fff5e8be7c4:   8d 0d 8e b0 6a 00 ba d4 02 00 00 4c 8d 05 a2 b0
0x00007fff5e8be7d4:   6a 00 48 8d 0d c3 b0 6a 00 e8 9e 60 00 00 e8 f9
0x00007fff5e8be7e4:   af 43 00 48 8b 0d 12 17 90 00 e8 0d 98 59 00 84
0x00007fff5e8be7f4:   c0 0f 84 ab 00 00 00 48 8b 43 18 8b 53 40 48 89
0x00007fff5e8be804:   6c 24 38 48 8b a8 98 00 00 00 85 d2 0f 8e 8b 00
0x00007fff5e8be814:   00 00 48 8b 0d e3 16 90 00 4c 8b c7 48 89 74 24
0x00007fff5e8be824:   40 e8 c6 83 42 00 48 83 7f 08 00 48 8b f0 75 68
0x00007fff5e8be834:   48 85 c0 74 48 48 8b bf 40 02 00 00 48 83 7f 18
0x00007fff5e8be844:   f7 76 14 4c 8d 05 ca e3 67 00 ba 08 00 00 00 48
0x00007fff5e8be854:   8b cf e8 05 d9 e6 ff 48 8b 47 18 48 8d 48 08 48
0x00007fff5e8be864:   3b 4f 20 76 11 45 33 c0 48 8b cf 41 8d 50 08 e8
0x00007fff5e8be874:   68 d5 e6 ff eb 04 48 89 4f 18 48 89 30 4c 8b c0 



---------------  P R O C E S S  ---------------

Threads class SMR info:
_java_thread_list=0x00007fff5f137a18, length=0, elements={
}

Java Threads: ( => current thread )

Other Threads:
  0x00000208d0c1f2e0 GCTaskThread "GC Thread#0" [stack: 0x00000053bdd00000,0x00000053bde00000] [id=3788]
  0x00000208d0c28930 ConcurrentGCThread "G1 Main Marker" [stack: 0x00000053bde00000,0x00000053bdf00000] [id=4700]
  0x00000208d0c29250 ConcurrentGCThread "G1 Conc#0" [stack: 0x00000053bdf00000,0x00000053be000000] [id=9192]
  0x00000208d0c39a20 ConcurrentGCThread "G1 Refine#0" [stack: 0x00000053be000000,0x00000053be100000] [id=8632]
  0x00000208d0c3a360 ConcurrentGCThread "G1 Service" [stack: 0x00000053be100000,0x00000053be200000] [id=12112]

=>0x00000208d0be3850 (exited) JavaThread "Unknown thread" [_thread_in_vm, id=10748, stack(0x00000053bdc00000,0x00000053bdd00000)]

Threads with active compile tasks:

VM state: not at safepoint (not fully initialized)

VM Mutex/Monitor currently owned by a thread: None

Heap address: 0x00000000c2e00000, size: 978 MB, Compressed Oops mode: 32-bit

CDS archive(s) mapped at: [0x0000020880000000-0x0000020880bd0000-0x0000020880bd0000), size 12386304, SharedBaseAddress: 0x0000020880000000, ArchiveRelocationMode: 1.
Compressed class space mapped at: 0x0000020881000000-0x00000208c1000000, reserved size: 1073741824
Narrow klass base: 0x0000020880000000, Narrow klass shift: 0, Narrow klass range: 0x100000000

GC Precious Log:
 CPUs: 2 total, 2 available
 Memory: 3911M
 Large Page Support: Disabled
 NUMA Support: Disabled
 Compressed Oops: Enabled (32-bit)
 Heap Region Size: 1M
 Heap Min Capacity: 8M
 Heap Initial Capacity: 8M
 Heap Max Capacity: 978M
 Pre-touch: Disabled
 Parallel Workers: 2
 Concurrent Workers: 1
 Concurrent Refinement Workers: 2
 Periodic GC: Disabled

Heap:
 garbage-first heap   total 8192K, used 0K [0x00000000c2e00000, 0x0000000100000000)
  region size 1024K, 0 young (0K), 0 survivors (0K)
 Metaspace       used 0K, committed 0K, reserved 1048576K
  class space    used 0K, committed 0K, reserved 1048576K

Heap Regions: E=young(eden), S=young(survivor), O=old, HS=humongous(starts), HC=humongous(continues), CS=collection set, F=free, OA=open archive, CA=closed archive, TAMS=top-at-mark-start (previous, next)
|   0|0x00000000c2e00000, 0x00000000c2e00000, 0x00000000c2f00000|  0%| F|  |TAMS 0x00000000c2e00000, 0x00000000c2e00000| Untracked 
|   1|0x00000000c2f00000, 0x00000000c2f00000, 0x00000000c3000000|  0%| F|  |TAMS 0x00000000c2f00000, 0x00000000c2f00000| Untracked 
|   2|0x00000000c3000000, 0x00000000c3000000, 0x00000000c3100000|  0%| F|  |TAMS 0x00000000c3000000, 0x00000000c3000000| Untracked 
|   3|0x00000000c3100000, 0x00000000c3100000, 0x00000000c3200000|  0%| F|  |TAMS 0x00000000c3100000, 0x00000000c3100000| Untracked 
|   4|0x00000000c3200000, 0x00000000c3200000, 0x00000000c3300000|  0%| F|  |TAMS 0x00000000c3200000, 0x00000000c3200000| Untracked 
|   5|0x00000000c3300000, 0x00000000c3300000, 0x00000000c3400000|  0%| F|  |TAMS 0x00000000c3300000, 0x00000000c3300000| Untracked 
|   6|0x00000000c3400000, 0x00000000c3400000, 0x00000000c3500000|  0%| F|  |TAMS 0x00000000c3400000, 0x00000000c3400000| Untracked 
|   7|0x00000000c3500000, 0x00000000c3500000, 0x00000000c3600000|  0%| F|  |TAMS 0x00000000c3500000, 0x00000000c3500000| Untracked 

Card table byte_map: [0x00000208e9250000,0x00000208e9440000] _byte_map_base: 0x00000208e8c39000

Marking Bits (Prev, Next): (CMBitMap*) 0x00000208d0c1f810, (CMBitMap*) 0x00000208d0c1f850
 Prev Bits: [0x00000208e9630000, 0x00000208ea578000)
 Next Bits: [0x00000208ea580000, 0x00000208eb4c8000)

GC Heap History (0 events):
No events

Deoptimization events (0 events):
No events

Classes unloaded (0 events):
No events

Classes redefined (0 events):
No events

Internal exceptions (0 events):
No events

VM Operations (0 events):
No events

Events (1 events):
Event: 0.135 Loaded shared library D:\PROG_INSTALADOS\java17\bin\java.dll


Dynamic libraries:
0x00007ff7c29d0000 - 0x00007ff7c29d8000 	D:\PROG_INSTALADOS\java17\bin\javac.exe
0x00007fffa2350000 - 0x00007fffa2548000 	C:\windows\SYSTEM32\ntdll.dll
0x00007fffa0720000 - 0x00007fffa07e1000 	C:\windows\System32\KERNEL32.DLL
0x00007fff9ff20000 - 0x00007fffa021d000 	C:\windows\System32\KERNELBASE.dll
0x00007fff9fba0000 - 0x00007fff9fca0000 	C:\windows\System32\ucrtbase.dll
0x00007fff988a0000 - 0x00007fff988b9000 	D:\PROG_INSTALADOS\java17\bin\jli.dll
0x00007fffa0b30000 - 0x00007fffa0be0000 	C:\windows\System32\ADVAPI32.dll
0x00007fffa1c00000 - 0x00007fffa1c9e000 	C:\windows\System32\msvcrt.dll
0x00007fffa0be0000 - 0x00007fffa0c80000 	C:\windows\System32\sechost.dll
0x00007fffa1ad0000 - 0x00007fffa1bf3000 	C:\windows\System32\RPCRT4.dll
0x00007fffa02b0000 - 0x00007fffa02d7000 	C:\windows\System32\bcrypt.dll
0x00007fffa07f0000 - 0x00007fffa098d000 	C:\windows\System32\USER32.dll
0x00007fff9fa50000 - 0x00007fff9fa72000 	C:\windows\System32\win32u.dll
0x00007fffa06f0000 - 0x00007fffa071b000 	C:\windows\System32\GDI32.dll
0x00007fff9fa80000 - 0x00007fff9fb97000 	C:\windows\System32\gdi32full.dll
0x00007fff88240000 - 0x00007fff884da000 	C:\windows\WinSxS\amd64_microsoft.windows.common-controls_6595b64144ccf1df_6.0.19041.4355_none_60b8b9eb71f62e16\COMCTL32.dll
0x00007fffa02e0000 - 0x00007fffa037d000 	C:\windows\System32\msvcp_win.dll
0x00007fff943d0000 - 0x00007fff943eb000 	D:\PROG_INSTALADOS\java17\bin\VCRUNTIME140.dll
0x00007fff96930000 - 0x00007fff9693a000 	C:\windows\SYSTEM32\VERSION.dll
0x00007fffa2210000 - 0x00007fffa223f000 	C:\windows\System32\IMM32.DLL
0x00007fff9c5a0000 - 0x00007fff9c5ac000 	D:\PROG_INSTALADOS\java17\bin\vcruntime140_1.dll
0x00007fff66da0000 - 0x00007fff66e2e000 	D:\PROG_INSTALADOS\java17\bin\msvcp140.dll
0x00007fff5e680000 - 0x00007fff5f260000 	D:\PROG_INSTALADOS\java17\bin\server\jvm.dll
0x00007fffa0550000 - 0x00007fffa0558000 	C:\windows\System32\PSAPI.DLL
0x00007fff78690000 - 0x00007fff78699000 	C:\windows\SYSTEM32\WSOCK32.dll
0x00007fffa0a50000 - 0x00007fffa0abb000 	C:\windows\System32\WS2_32.dll
0x00007fff851d0000 - 0x00007fff851f7000 	C:\windows\SYSTEM32\WINMM.dll
0x00007fff9e270000 - 0x00007fff9e282000 	C:\windows\SYSTEM32\kernel.appcore.dll
0x00007fff993f0000 - 0x00007fff993fa000 	D:\PROG_INSTALADOS\java17\bin\jimage.dll
0x00007fff9df40000 - 0x00007fff9e124000 	C:\windows\SYSTEM32\DBGHELP.DLL
0x00007fff83bb0000 - 0x00007fff83be4000 	C:\windows\SYSTEM32\dbgcore.DLL
0x00007fffa0220000 - 0x00007fffa02a2000 	C:\windows\System32\bcryptPrimitives.dll
0x00007fff6fef0000 - 0x00007fff6ff15000 	D:\PROG_INSTALADOS\java17\bin\java.dll

dbghelp: loaded successfully - version: 4.0.5 - missing functions: none
symbol engine: initialized successfully - sym options: 0x614 - pdb path: .;D:\PROG_INSTALADOS\java17\bin;C:\windows\SYSTEM32;C:\windows\WinSxS\amd64_microsoft.windows.common-controls_6595b64144ccf1df_6.0.19041.4355_none_60b8b9eb71f62e16;D:\PROG_INSTALADOS\java17\bin\server

VM Arguments:
jvm_args: -Dapplication.home=D:\PROG_INSTALADOS\java17 --add-modules=ALL-DEFAULT -Xms8m -Djdk.module.main=jdk.compiler 
java_command: jdk.compiler/com.sun.tools.javac.Main App.java
java_class_path (initial): <not set>
Launcher Type: SUN_STANDARD

[Global flags]
     intx CICompilerCount                          = 2                                         {product} {ergonomic}
     uint ConcGCThreads                            = 1                                         {product} {ergonomic}
     uint G1ConcRefinementThreads                  = 2                                         {product} {ergonomic}
   size_t G1HeapRegionSize                         = 1048576                                   {product} {ergonomic}
    uintx GCDrainStackTargetSize                   = 64                                        {product} {ergonomic}
   size_t InitialHeapSize                          = 8388608                                   {product} {command line}
   size_t MarkStackSize                            = 4194304                                   {product} {ergonomic}
   size_t MaxHeapSize                              = 1025507328                                {product} {ergonomic}
   size_t MaxNewSize                               = 614465536                                 {product} {ergonomic}
   size_t MinHeapDeltaBytes                        = 1048576                                   {product} {ergonomic}
   size_t MinHeapSize                              = 8388608                                   {product} {command line}
    uintx NonNMethodCodeHeapSize                   = 5826188                                {pd product} {ergonomic}
    uintx NonProfiledCodeHeapSize                  = 122916026                              {pd product} {ergonomic}
    uintx ProfiledCodeHeapSize                     = 122916026                              {pd product} {ergonomic}
    uintx ReservedCodeCacheSize                    = 251658240                              {pd product} {ergonomic}
     bool SegmentedCodeCache                       = true                                      {product} {ergonomic}
   size_t SoftMaxHeapSize                          = 1025507328                             {manageable} {ergonomic}
     bool UseCompressedClassPointers               = true                           {product lp64_product} {ergonomic}
     bool UseCompressedOops                        = true                           {product lp64_product} {ergonomic}
     bool UseG1GC                                  = true                                      {product} {ergonomic}
     bool UseLargePagesIndividualAllocation        = false                                  {pd product} {ergonomic}

Logging:
Log output configuration:
 #0: stdout all=warning uptime,level,tags
 #1: stderr all=off uptime,level,tags

Environment Variables:
PATH=C:\Program Files\Common Files\Oracle\Java\javapath;C:\windows\system32;C:\windows;C:\windows\System32\Wbem;C:\windows\System32\WindowsPowerShell\v1.0\;C:\windows\System32\OpenSSH\;D:\PROG_INSTALADOS\Git\cmd;D:\PROG_INSTALADOS\python\Scripts\;D:\PROG_INSTALADOS\python\;C:\Users\MINEDUCYT\AppData\Local\Programs\Python\Launcher\;C:\Users\MINEDUCYT\AppData\Local\Microsoft\WindowsApps;C:\php-8.2.23;D:\PROG_INSTALADOS\Microsoft VS Code\bin;D:\PROG_INSTALADOS\java17\bin;
USERNAME=MINEDUCYT
LANG=en_US.UTF-8
OS=Windows_NT
PROCESSOR_IDENTIFIER=Intel64 Family 6 Model 122 Stepping 1, GenuineIntel



---------------  S Y S T E M  ---------------

OS:
 Windows 10 , 64 bit Build 19041 (10.0.19041.4842)
OS uptime: 5 days 13:55 hours

CPU: total 2 (initial active 2) (2 cores per cpu, 1 threads per core) family 6 model 122 stepping 1 microcode 0x32, cx8, cmov, fxsr, mmx, 3dnowpref, sse, sse2, sse3, ssse3, sse4.1, sse4.2, popcnt, tsc, tscinvbit, aes, erms, clmul, sha, clflush, clflushopt

Memory: 4k page, system-wide physical 3911M (462M free)
TotalPageFile size 10143M (AvailPageFile size 1664M)
current process WorkingSet (physical memory assigned to process): 23M, peak: 23M
current process commit charge ("private bytes"): 69M, peak: 69M

vm_info: Java HotSpot(TM) 64-Bit Server VM (17.0.11+7-LTS-207) for windows-amd64 JRE (17.0.11+7-LTS-207), built on Mar 11 2024 19:01:50 by "mach5one" with MS VC++ 17.6 (VS2022)

END.
